app/build/intermediates/manifest_merge_blame_file/debug/manifest-merger-blame-debug-report.txt
1<?xml version="1.0" encoding="utf-8"?>
2<manifest xmlns:android="http://schemas.android.com/apk/res/android"
3    package="com.manhee.newsapp_2020_mk"
4    android:versionCode="22"
5    android:versionName="1.8" >
6
7    <uses-sdk
8        android:minSdkVersion="21"
8-->src\main\AndroidManifest.xml
9        android:targetSdkVersion="29" />
9-->src\main\AndroidManifest.xml
10
11    <uses-permission android:name="android.permission.RECORD_AUDIO" />
11-->src\main\AndroidManifest.xml:6:5-71
11-->src\main\AndroidManifest.xml:6:22-68
12    <uses-permission android:name="android.permission.INTERNET" />
12-->src\main\AndroidManifest.xml:7:5-67
12-->src\main\AndroidManifest.xml:7:22-64
13    <uses-permission android:name="android.permission.ACCESS_NETWORK_STATE" />
13-->src\main\AndroidManifest.xml:8:5-79
13-->src\main\AndroidManifest.xml:8:22-76
14    <uses-permission android:name="android.permission.WAKE_LOCK" />
14-->[com.google.android.gms:play-services-measurement-sdk-api:17.2.0] AndroidManifest.xml:25:5-68
14-->[com.google.android.gms:play-services-measurement-sdk-api:17.2.0] AndroidManifest.xml:25:22-65
15
16    <application
16-->src\main\AndroidManifest.xml:10:5-46:19
17        android:name="com.manhee.newsapp_2020_mk.NewsApplication"
17-->src\main\AndroidManifest.xml:11:9-40
18        android:allowBackup="true"
18-->src\main\AndroidManifest.xml:12:9-35
19        android:appComponentFactory="androidx.core.app.CoreComponentFactory"
19-->[androidx.core:core:1.3.1] AndroidManifest.xml:24:18-86
20        android:debuggable="true"
21        android:hardwareAccelerated="true"
21-->src\main\AndroidManifest.xml:13:9-43
22        android:icon="@mipmap/newstwicelogo"
22-->src\main\AndroidManifest.xml:14:9-45
23        android:label="@string/app_name"
23-->src\main\AndroidManifest.xml:15:9-41
24        android:networkSecurityConfig="@xml/network_security_config"
24-->src\main\AndroidManifest.xml:16:9-69
25        android:roundIcon="@mipmap/newstwicelogo"
25-->src\main\AndroidManifest.xml:17:9-50
26        android:supportsRtl="true"
26-->src\main\AndroidManifest.xml:18:9-35
27        android:testOnly="true"
28        android:theme="@style/AppTheme" >
28-->src\main\AndroidManifest.xml:19:9-40
29        <receiver
29-->src\main\AndroidManifest.xml:20:9-31:20
30            android:name="com.manhee.newsapp_2020_mk.MyReceiver"
30-->src\main\AndroidManifest.xml:21:13-39
31            android:enabled="true"
31-->src\main\AndroidManifest.xml:22:13-35
32            android:exported="true" >
32-->src\main\AndroidManifest.xml:23:13-36
33            <intent-filter>
33-->src\main\AndroidManifest.xml:25:13-28:29
34                <action android:name="android.intent.action.TIMEZONE_CHANGED" />
34-->src\main\AndroidManifest.xml:26:17-80
34-->src\main\AndroidManifest.xml:26:25-78
35                <action android:name="android.intent.action.AIRPLANE_MODE" />
35-->src\main\AndroidManifest.xml:27:17-77
35-->src\main\AndroidManifest.xml:27:25-75
36            </intent-filter>
37        </receiver>
38
39        <activity android:name="com.manhee.newsapp_2020_mk.MainActivity" >
39-->src\main\AndroidManifest.xml:33:9-39:20
39-->src\main\AndroidManifest.xml:33:19-47
40            <intent-filter>
40-->src\main\AndroidManifest.xml:34:13-38:29
41                <action android:name="android.intent.action.MAIN" />
41-->src\main\AndroidManifest.xml:35:17-69
41-->src\main\AndroidManifest.xml:35:25-66
42
43                <category android:name="android.intent.category.LAUNCHER" />
43-->src\main\AndroidManifest.xml:37:17-77
43-->src\main\AndroidManifest.xml:37:27-74
44            </intent-filter>
45        </activity>
46        <activity android:name="com.manhee.newsapp_2020_mk.NewsActivity" />
46-->src\main\AndroidManifest.xml:40:9-59
46-->src\main\AndroidManifest.xml:40:19-47
47
48        <meta-data
48-->src\main\AndroidManifest.xml:42:9-44:54
49            android:name="com.google.android.gms.ads.APPLICATION_ID"
49-->src\main\AndroidManifest.xml:43:13-69
50            android:value="@string/admob_banner_ad" />
50-->src\main\AndroidManifest.xml:44:13-52
51
52        <activity
52-->[pub.devrel:easypermissions:3.0.0] AndroidManifest.xml:12:9-16:66
53            android:name="pub.devrel.easypermissions.AppSettingsDialogHolderActivity"
53-->[pub.devrel:easypermissions:3.0.0] AndroidManifest.xml:13:13-86
54            android:exported="false"
54-->[pub.devrel:easypermissions:3.0.0] AndroidManifest.xml:14:13-37
55            android:label=""
55-->[pub.devrel:easypermissions:3.0.0] AndroidManifest.xml:15:13-29
56            android:theme="@style/EasyPermissions.Transparent" />
56-->[pub.devrel:easypermissions:3.0.0] AndroidManifest.xml:16:13-63
57
58        <service
58-->[androidx.room:room-runtime:2.2.5] AndroidManifest.xml:25:9-28:40
59            android:name="androidx.room.MultiInstanceInvalidationService"
59-->[androidx.room:room-runtime:2.2.5] AndroidManifest.xml:26:13-74
60            android:directBootAware="true"
60-->[androidx.room:room-runtime:2.2.5] AndroidManifest.xml:27:13-43
61            android:exported="false" /> <!-- Include the AdActivity and InAppPurchaseActivity configChanges and themes. -->
61-->[androidx.room:room-runtime:2.2.5] AndroidManifest.xml:28:13-37
62        <activity
62-->[com.google.android.gms:play-services-ads-lite:19.4.0] AndroidManifest.xml:29:9-33:64
63            android:name="com.google.android.gms.ads.AdActivity"
63-->[com.google.android.gms:play-services-ads-lite:19.4.0] AndroidManifest.xml:30:13-65
64            android:configChanges="keyboard|keyboardHidden|orientation|screenLayout|uiMode|screenSize|smallestScreenSize"
64-->[com.google.android.gms:play-services-ads-lite:19.4.0] AndroidManifest.xml:31:13-122
65            android:exported="false"
65-->[com.google.android.gms:play-services-ads-lite:19.4.0] AndroidManifest.xml:32:13-37
66            android:theme="@android:style/Theme.Translucent" />
66-->[com.google.android.gms:play-services-ads-lite:19.4.0] AndroidManifest.xml:33:13-61
67
68        <provider
68-->[com.google.android.gms:play-services-ads-lite:19.4.0] AndroidManifest.xml:35:9-39:39
69            android:name="com.google.android.gms.ads.MobileAdsInitProvider"
69-->[com.google.android.gms:play-services-ads-lite:19.4.0] AndroidManifest.xml:36:13-76
70            android:authorities="com.manhee.newsapp_2020_mk.mobileadsinitprovider"
70-->[com.google.android.gms:play-services-ads-lite:19.4.0] AndroidManifest.xml:37:13-73
71            android:exported="false"
71-->[com.google.android.gms:play-services-ads-lite:19.4.0] AndroidManifest.xml:38:13-37
72            android:initOrder="100" />
72-->[com.google.android.gms:play-services-ads-lite:19.4.0] AndroidManifest.xml:39:13-36
73
74        <service
74-->[com.google.android.gms:play-services-ads-lite:19.4.0] AndroidManifest.xml:41:9-44:40
75            android:name="com.google.android.gms.ads.AdService"
75-->[com.google.android.gms:play-services-ads-lite:19.4.0] AndroidManifest.xml:42:13-64
76            android:enabled="true"
76-->[com.google.android.gms:play-services-ads-lite:19.4.0] AndroidManifest.xml:43:13-35
77            android:exported="false" />
77-->[com.google.android.gms:play-services-ads-lite:19.4.0] AndroidManifest.xml:44:13-37
78
79        <meta-data
79-->[com.google.android.gms:play-services-basement:17.3.0] AndroidManifest.xml:23:9-25:69
80            android:name="com.google.android.gms.version"
80-->[com.google.android.gms:play-services-basement:17.3.0] AndroidManifest.xml:24:13-58
81            android:value="@integer/google_play_services_version" />
81-->[com.google.android.gms:play-services-basement:17.3.0] AndroidManifest.xml:25:13-66
82    </application>
83
84</manifest>